2026-07-10T12:52:46.360Z - Database save error: MongoServerError: bad auth : authentication failed
    at Connection.sendCommand (C:\Users\UPL\jkbrandingindia\node_modules\mongodb\lib\cmap\connection.js:320:27)
    at process.processTicksAndRejections (node:internal/process/task_queues:105:5)
    at async Connection.command (C:\Users\UPL\jkbrandingindia\node_modules\mongodb\lib\cmap\connection.js:347:26)
    at async continueScramConversation (C:\Users\UPL\jkbrandingindia\node_modules\mongodb\lib\cmap\auth\scram.js:130:15)
    at async executeScram (C:\Users\UPL\jkbrandingindia\node_modules\mongodb\lib\cmap\auth\scram.js:79:5)
    at async ScramSHA1.auth (C:\Users\UPL\jkbrandingindia\node_modules\mongodb\lib\cmap\auth\scram.js:38:16)
    at async performInitialHandshake (C:\Users\UPL\jkbrandingindia\node_modules\mongodb\lib\cmap\connect.js:110:13)
    at async connect (C:\Users\UPL\jkbrandingindia\node_modules\mongodb\lib\cmap\connect.js:28:9)
2026-07-10T12:53:11.699Z - GET leads fetch error: MongoServerError: bad auth : authentication failed
    at Connection.sendCommand (C:\Users\UPL\jkbrandingindia\node_modules\mongodb\lib\cmap\connection.js:320:27)
    at process.processTicksAndRejections (node:internal/process/task_queues:105:5)
    at async Connection.command (C:\Users\UPL\jkbrandingindia\node_modules\mongodb\lib\cmap\connection.js:347:26)
    at async continueScramConversation (C:\Users\UPL\jkbrandingindia\node_modules\mongodb\lib\cmap\auth\scram.js:130:15)
    at async executeScram (C:\Users\UPL\jkbrandingindia\node_modules\mongodb\lib\cmap\auth\scram.js:79:5)
    at async ScramSHA1.auth (C:\Users\UPL\jkbrandingindia\node_modules\mongodb\lib\cmap\auth\scram.js:38:16)
    at async performInitialHandshake (C:\Users\UPL\jkbrandingindia\node_modules\mongodb\lib\cmap\connect.js:110:13)
    at async connect (C:\Users\UPL\jkbrandingindia\node_modules\mongodb\lib\cmap\connect.js:28:9)
2026-07-10T12:53:26.033Z - GET leads fetch error: MongoServerError: bad auth : authentication failed
    at Connection.sendCommand (C:\Users\UPL\jkbrandingindia\node_modules\mongodb\lib\cmap\connection.js:320:27)
    at process.processTicksAndRejections (node:internal/process/task_queues:105:5)
    at async Connection.command (C:\Users\UPL\jkbrandingindia\node_modules\mongodb\lib\cmap\connection.js:347:26)
    at async continueScramConversation (C:\Users\UPL\jkbrandingindia\node_modules\mongodb\lib\cmap\auth\scram.js:130:15)
    at async executeScram (C:\Users\UPL\jkbrandingindia\node_modules\mongodb\lib\cmap\auth\scram.js:79:5)
    at async ScramSHA1.auth (C:\Users\UPL\jkbrandingindia\node_modules\mongodb\lib\cmap\auth\scram.js:38:16)
    at async performInitialHandshake (C:\Users\UPL\jkbrandingindia\node_modules\mongodb\lib\cmap\connect.js:110:13)
    at async connect (C:\Users\UPL\jkbrandingindia\node_modules\mongodb\lib\cmap\connect.js:28:9)
2026-07-16T07:57:21.401Z - GET leads fetch error: MongooseServerSelectionError: Could not connect to any servers in your MongoDB Atlas cluster. One common reason is that you're trying to access the database from an IP that isn't whitelisted. Make sure your current IP address is on your Atlas cluster's IP whitelist: https://www.mongodb.com/docs/atlas/security-whitelist/
    at _handleConnectionErrors (C:\Users\UPL\jkbrandingindia\node_modules\mongoose\lib\connection.js:1180:11)
    at NativeConnection.openUri (C:\Users\UPL\jkbrandingindia\node_modules\mongoose\lib\connection.js:1111:11)
2026-07-16T07:57:21.461Z - GET leads fetch error: MongooseServerSelectionError: Could not connect to any servers in your MongoDB Atlas cluster. One common reason is that you're trying to access the database from an IP that isn't whitelisted. Make sure your current IP address is on your Atlas cluster's IP whitelist: https://www.mongodb.com/docs/atlas/security-whitelist/
    at _handleConnectionErrors (C:\Users\UPL\jkbrandingindia\node_modules\mongoose\lib\connection.js:1180:11)
    at NativeConnection.openUri (C:\Users\UPL\jkbrandingindia\node_modules\mongoose\lib\connection.js:1111:11)
2026-07-16T08:00:15.390Z - GET leads fetch error: MongooseServerSelectionError: Could not connect to any servers in your MongoDB Atlas cluster. One common reason is that you're trying to access the database from an IP that isn't whitelisted. Make sure your current IP address is on your Atlas cluster's IP whitelist: https://www.mongodb.com/docs/atlas/security-whitelist/
    at _handleConnectionErrors (C:\Users\UPL\jkbrandingindia\node_modules\mongoose\lib\connection.js:1180:11)
    at NativeConnection.openUri (C:\Users\UPL\jkbrandingindia\node_modules\mongoose\lib\connection.js:1111:11)
2026-07-16T08:00:15.424Z - GET leads fetch error: MongooseServerSelectionError: Could not connect to any servers in your MongoDB Atlas cluster. One common reason is that you're trying to access the database from an IP that isn't whitelisted. Make sure your current IP address is on your Atlas cluster's IP whitelist: https://www.mongodb.com/docs/atlas/security-whitelist/
    at _handleConnectionErrors (C:\Users\UPL\jkbrandingindia\node_modules\mongoose\lib\connection.js:1180:11)
    at NativeConnection.openUri (C:\Users\UPL\jkbrandingindia\node_modules\mongoose\lib\connection.js:1111:11)
2026-07-16T08:01:19.741Z - GET leads fetch error: MongooseServerSelectionError: Could not connect to any servers in your MongoDB Atlas cluster. One common reason is that you're trying to access the database from an IP that isn't whitelisted. Make sure your current IP address is on your Atlas cluster's IP whitelist: https://www.mongodb.com/docs/atlas/security-whitelist/
    at _handleConnectionErrors (C:\Users\UPL\jkbrandingindia\node_modules\mongoose\lib\connection.js:1180:11)
    at NativeConnection.openUri (C:\Users\UPL\jkbrandingindia\node_modules\mongoose\lib\connection.js:1111:11)
    at async connectToDatabase (C:\Users\UPL\jkbrandingindia\.next\dev\server\chunks\[root-of-the-server]__01etzt4._.js:71:23)
    at async GET (C:\Users\UPL\jkbrandingindia\.next\dev\server\chunks\[root-of-the-server]__16hmk3c._.js:142:9)
    at async AppRouteRouteModule.do (C:\Users\UPL\jkbrandingindia\node_modules\next\dist\compiled\next-server\app-route-turbo.runtime.dev.js:5:40131)
    at async AppRouteRouteModule.handle (C:\Users\UPL\jkbrandingindia\node_modules\next\dist\compiled\next-server\app-route-turbo.runtime.dev.js:5:47411)
    at async responseGenerator (C:\Users\UPL\jkbrandingindia\.next\dev\server\chunks\[root-of-the-server]__0tw8x3l._.js:10505:38)
    at async AppRouteRouteModule.handleResponse (C:\Users\UPL\jkbrandingindia\node_modules\next\dist\compiled\next-server\app-route-turbo.runtime.dev.js:1:228552)
    at async handleResponse (C:\Users\UPL\jkbrandingindia\.next\dev\server\chunks\[root-of-the-server]__0tw8x3l._.js:10568:32)
    at async Module.handler (C:\Users\UPL\jkbrandingindia\.next\dev\server\chunks\[root-of-the-server]__0tw8x3l._.js:10622:13)
    at async DevServer.renderToResponseWithComponentsImpl (C:\Users\UPL\jkbrandingindia\node_modules\next\dist\server\base-server.js:1462:9)
    at async DevServer.renderPageComponent (C:\Users\UPL\jkbrandingindia\node_modules\next\dist\server\base-server.js:1514:24)
    at async DevServer.renderToResponseImpl (C:\Users\UPL\jkbrandingindia\node_modules\next\dist\server\base-server.js:1564:32)
    at async DevServer.pipeImpl (C:\Users\UPL\jkbrandingindia\node_modules\next\dist\server\base-server.js:1044:25)
    at async NextNodeServer.handleCatchallRenderRequest (C:\Users\UPL\jkbrandingindia\node_modules\next\dist\server\next-server.js:338:17)
    at async DevServer.handleRequestImpl (C:\Users\UPL\jkbrandingindia\node_modules\next\dist\server\base-server.js:935:17)
    at async C:\Users\UPL\jkbrandingindia\node_modules\next\dist\server\dev\next-dev-server.js:394:20
    at async Span.traceAsyncFn (C:\Users\UPL\jkbrandingindia\node_modules\next\dist\trace\trace.js:164:20)
    at async DevServer.handleRequest (C:\Users\UPL\jkbrandingindia\node_modules\next\dist\server\dev\next-dev-server.js:390:24)
    at async invokeRender (C:\Users\UPL\jkbrandingindia\node_modules\next\dist\server\lib\router-server.js:266:21)
    at async handleRequest (C:\Users\UPL\jkbrandingindia\node_modules\next\dist\server\lib\router-server.js:465:24)
    at async requestHandlerImpl (C:\Users\UPL\jkbrandingindia\node_modules\next\dist\server\lib\router-server.js:514:13)
    at async Server.requestListener (C:\Users\UPL\jkbrandingindia\node_modules\next\dist\server\lib\start-server.js:225:13)
2026-07-16T09:01:15.562Z - GET leads fetch error: MongooseServerSelectionError: Could not connect to any servers in your MongoDB Atlas cluster. One common reason is that you're trying to access the database from an IP that isn't whitelisted. Make sure your current IP address is on your Atlas cluster's IP whitelist: https://www.mongodb.com/docs/atlas/security-whitelist/
    at _handleConnectionErrors (C:\Users\UPL\jkbrandingindia\node_modules\mongoose\lib\connection.js:1180:11)
    at NativeConnection.openUri (C:\Users\UPL\jkbrandingindia\node_modules\mongoose\lib\connection.js:1111:11)
2026-07-16T09:01:15.644Z - GET leads fetch error: MongooseServerSelectionError: Could not connect to any servers in your MongoDB Atlas cluster. One common reason is that you're trying to access the database from an IP that isn't whitelisted. Make sure your current IP address is on your Atlas cluster's IP whitelist: https://www.mongodb.com/docs/atlas/security-whitelist/
    at _handleConnectionErrors (C:\Users\UPL\jkbrandingindia\node_modules\mongoose\lib\connection.js:1180:11)
    at NativeConnection.openUri (C:\Users\UPL\jkbrandingindia\node_modules\mongoose\lib\connection.js:1111:11)
